{"/mnt/c/Users/amiro/projects/kolorz.art/src/components/utils/pickersCoordinates.js": {"path":"/mnt/c/Users/amiro/projects/kolorz.art/src/components/utils/pickersCoordinates.js","statementMap":{"0":{"start":{"line":3,"column":12},"end":{"line":3,"column":32}},"1":{"start":{"line":4,"column":12},"end":{"line":4,"column":58}},"2":{"start":{"line":5,"column":2},"end":{"line":5,"column":15}},"3":{"start":{"line":8,"column":25},"end":{"line":12,"column":1}},"4":{"start":{"line":9,"column":15},"end":{"line":9,"column":46}},"5":{"start":{"line":10,"column":15},"end":{"line":10,"column":46}},"6":{"start":{"line":11,"column":2},"end":{"line":11,"column":21}},"7":{"start":{"line":14,"column":22},"end":{"line":16,"column":1}},"8":{"start":{"line":15,"column":2},"end":{"line":15,"column":92}},"9":{"start":{"line":18,"column":15},"end":{"line":23,"column":1}},"10":{"start":{"line":19,"column":2},"end":{"line":22,"column":10}},"11":{"start":{"line":25,"column":16},"end":{"line":29,"column":1}},"12":{"start":{"line":26,"column":2},"end":{"line":28,"column":10}},"13":{"start":{"line":31,"column":18},"end":{"line":35,"column":1}},"14":{"start":{"line":32,"column":2},"end":{"line":34,"column":10}},"15":{"start":{"line":37,"column":17},"end":{"line":42,"column":1}},"16":{"start":{"line":38,"column":2},"end":{"line":41,"column":10}},"17":{"start":{"line":44,"column":18},"end":{"line":48,"column":1}},"18":{"start":{"line":45,"column":2},"end":{"line":47,"column":10}},"19":{"start":{"line":50,"column":18},"end":{"line":55,"column":1}},"20":{"start":{"line":51,"column":2},"end":{"line":54,"column":10}},"21":{"start":{"line":57,"column":19},"end":{"line":66,"column":1}},"22":{"start":{"line":58,"column":12},"end":{"line":58,"column":32}},"23":{"start":{"line":59,"column":12},"end":{"line":59,"column":49}},"24":{"start":{"line":60,"column":16},"end":{"line":60,"column":52}},"25":{"start":{"line":61,"column":16},"end":{"line":61,"column":52}},"26":{"start":{"line":62,"column":16},"end":{"line":62,"column":51}},"27":{"start":{"line":63,"column":16},"end":{"line":63,"column":51}},"28":{"start":{"line":64,"column":2},"end":{"line":64,"column":41}},"29":{"start":{"line":68,"column":18},"end":{"line":73,"column":1}},"30":{"start":{"line":69,"column":2},"end":{"line":69,"column":33}},"31":{"start":{"line":70,"column":2},"end":{"line":70,"column":33}},"32":{"start":{"line":71,"column":2},"end":{"line":71,"column":33}},"33":{"start":{"line":72,"column":2},"end":{"line":72,"column":49}},"34":{"start":{"line":75,"column":27},"end":{"line":81,"column":1}},"35":{"start":{"line":76,"column":36},"end":{"line":76,"column":38}},"36":{"start":{"line":77,"column":20},"end":{"line":77,"column":73}},"37":{"start":{"line":78,"column":20},"end":{"line":78,"column":72}},"38":{"start":{"line":79,"column":21},"end":{"line":79,"column":117}},"39":{"start":{"line":80,"column":2},"end":{"line":80,"column":116}},"40":{"start":{"line":83,"column":27},"end":{"line":98,"column":1}},"41":{"start":{"line":84,"column":17},"end":{"line":84,"column":19}},"42":{"start":{"line":85,"column":2},"end":{"line":96,"column":3}},"43":{"start":{"line":85,"column":15},"end":{"line":85,"column":16}},"44":{"start":{"line":86,"column":14},"end":{"line":86,"column":72}},"45":{"start":{"line":87,"column":14},"end":{"line":87,"column":70}},"46":{"start":{"line":88,"column":18},"end":{"line":88,"column":55}},"47":{"start":{"line":89,"column":6},"end":{"line":95,"column":9}},"48":{"start":{"line":97,"column":2},"end":{"line":97,"column":16}},"49":{"start":{"line":100,"column":33},"end":{"line":144,"column":1}},"50":{"start":{"line":102,"column":10},"end":{"line":102,"column":12}},"51":{"start":{"line":103,"column":12},"end":{"line":103,"column":14}},"52":{"start":{"line":104,"column":2},"end":{"line":104,"column":43}},"53":{"start":{"line":105,"column":2},"end":{"line":105,"column":43}},"54":{"start":{"line":107,"column":2},"end":{"line":140,"column":3}},"55":{"start":{"line":109,"column":10},"end":{"line":109,"column":36}},"56":{"start":{"line":110,"column":10},"end":{"line":110,"column":16}},"57":{"start":{"line":113,"column":10},"end":{"line":113,"column":29}},"58":{"start":{"line":114,"column":10},"end":{"line":114,"column":16}},"59":{"start":{"line":117,"column":10},"end":{"line":117,"column":29}},"60":{"start":{"line":118,"column":10},"end":{"line":118,"column":16}},"61":{"start":{"line":121,"column":10},"end":{"line":121,"column":31}},"62":{"start":{"line":122,"column":10},"end":{"line":122,"column":16}},"63":{"start":{"line":125,"column":10},"end":{"line":125,"column":30}},"64":{"start":{"line":126,"column":10},"end":{"line":126,"column":16}},"65":{"start":{"line":129,"column":10},"end":{"line":129,"column":31}},"66":{"start":{"line":130,"column":10},"end":{"line":130,"column":16}},"67":{"start":{"line":133,"column":10},"end":{"line":133,"column":31}},"68":{"start":{"line":134,"column":10},"end":{"line":134,"column":16}},"69":{"start":{"line":137,"column":10},"end":{"line":137,"column":32}},"70":{"start":{"line":138,"column":10},"end":{"line":138,"column":16}},"71":{"start":{"line":142,"column":2},"end":{"line":142,"column":55}},"72":{"start":{"line":143,"column":2},"end":{"line":143,"column":11}},"73":{"start":{"line":147,"column":15},"end":{"line":147,"column":32}},"74":{"start":{"line":148,"column":10},"end":{"line":148,"column":30}},"75":{"start":{"line":149,"column":10},"end":{"line":149,"column":29}},"76":{"start":{"line":150,"column":10},"end":{"line":150,"column":22}},"77":{"start":{"line":151,"column":2},"end":{"line":151,"column":40}},"78":{"start":{"line":155,"column":2},"end":{"line":155,"column":86}},"79":{"start":{"line":158,"column":0},"end":{"line":174,"column":1}}},"fnMap":{"0":{"name":"cartesianToPolar","decl":{"start":{"line":1,"column":9},"end":{"line":1,"column":25}},"loc":{"start":{"line":2,"column":0},"end":{"line":6,"column":1}},"line":2},"1":{"name":"(anonymous_1)","decl":{"start":{"line":8,"column":25},"end":{"line":8,"column":26}},"loc":{"start":{"line":8,"column":35},"end":{"line":12,"column":1}},"line":8},"2":{"name":"(anonymous_2)","decl":{"start":{"line":14,"column":22},"end":{"line":14,"column":23}},"loc":{"start":{"line":14,"column":32},"end":{"line":16,"column":1}},"line":14},"3":{"name":"(anonymous_3)","decl":{"start":{"line":18,"column":15},"end":{"line":18,"column":16}},"loc":{"start":{"line":18,"column":25},"end":{"line":23,"column":1}},"line":18},"4":{"name":"(anonymous_4)","decl":{"start":{"line":25,"column":16},"end":{"line":25,"column":17}},"loc":{"start":{"line":25,"column":26},"end":{"line":29,"column":1}},"line":25},"5":{"name":"(anonymous_5)","decl":{"start":{"line":31,"column":18},"end":{"line":31,"column":19}},"loc":{"start":{"line":31,"column":28},"end":{"line":35,"column":1}},"line":31},"6":{"name":"(anonymous_6)","decl":{"start":{"line":37,"column":17},"end":{"line":37,"column":18}},"loc":{"start":{"line":37,"column":27},"end":{"line":42,"column":1}},"line":37},"7":{"name":"(anonymous_7)","decl":{"start":{"line":44,"column":18},"end":{"line":44,"column":19}},"loc":{"start":{"line":44,"column":28},"end":{"line":48,"column":1}},"line":44},"8":{"name":"(anonymous_8)","decl":{"start":{"line":50,"column":18},"end":{"line":50,"column":19}},"loc":{"start":{"line":50,"column":28},"end":{"line":55,"column":1}},"line":50},"9":{"name":"(anonymous_9)","decl":{"start":{"line":57,"column":19},"end":{"line":57,"column":20}},"loc":{"start":{"line":57,"column":29},"end":{"line":66,"column":1}},"line":57},"10":{"name":"(anonymous_10)","decl":{"start":{"line":68,"column":18},"end":{"line":68,"column":19}},"loc":{"start":{"line":68,"column":43},"end":{"line":73,"column":1}},"line":68},"11":{"name":"(anonymous_11)","decl":{"start":{"line":75,"column":27},"end":{"line":75,"column":28}},"loc":{"start":{"line":75,"column":62},"end":{"line":81,"column":1}},"line":75},"12":{"name":"(anonymous_12)","decl":{"start":{"line":83,"column":27},"end":{"line":83,"column":28}},"loc":{"start":{"line":83,"column":61},"end":{"line":98,"column":1}},"line":83},"13":{"name":"(anonymous_13)","decl":{"start":{"line":100,"column":33},"end":{"line":100,"column":34}},"loc":{"start":{"line":100,"column":74},"end":{"line":144,"column":1}},"line":100},"14":{"name":"hexToRgb","decl":{"start":{"line":146,"column":9},"end":{"line":146,"column":17}},"loc":{"start":{"line":146,"column":35},"end":{"line":152,"column":1}},"line":146},"15":{"name":"hexWithSaturation","decl":{"start":{"line":154,"column":9},"end":{"line":154,"column":26}},"loc":{"start":{"line":154,"column":44},"end":{"line":156,"column":1}},"line":154}},"branchMap":{"0":{"loc":{"start":{"line":107,"column":2},"end":{"line":140,"column":3}},"type":"switch","locations":[{"start":{"line":108,"column":6},"end":{"line":111,"column":7}},{"start":{"line":112,"column":6},"end":{"line":115,"column":7}},{"start":{"line":116,"column":6},"end":{"line":119,"column":7}},{"start":{"line":120,"column":6},"end":{"line":123,"column":7}},{"start":{"line":124,"column":6},"end":{"line":127,"column":7}},{"start":{"line":128,"column":6},"end":{"line":131,"column":7}},{"start":{"line":132,"column":6},"end":{"line":135,"column":7}},{"start":{"line":136,"column":6},"end":{"line":139,"column":7}}],"line":107}},"s":{"0":37,"1":37,"2":37,"3":2,"4":18,"5":18,"6":18,"7":2,"8":2,"9":2,"10":1,"11":2,"12":1,"13":2,"14":1,"15":2,"16":1,"17":2,"18":1,"19":2,"20":1,"21":2,"22":1,"23":1,"24":1,"25":1,"26":1,"27":1,"28":1,"29":2,"30":5,"31":5,"32":5,"33":5,"34":2,"35":3,"36":3,"37":3,"38":3,"39":3,"40":2,"41":2,"42":2,"43":2,"44":2,"45":2,"46":2,"47":2,"48":2,"49":2,"50":1,"51":1,"52":1,"53":1,"54":1,"55":1,"56":1,"57":0,"58":0,"59":0,"60":0,"61":0,"62":0,"63":0,"64":0,"65":0,"66":0,"67":0,"68":0,"69":0,"70":0,"71":1,"72":1,"73":1,"74":1,"75":1,"76":1,"77":1,"78":1,"79":2},"f":{"0":37,"1":18,"2":2,"3":1,"4":1,"5":1,"6":1,"7":1,"8":1,"9":1,"10":5,"11":3,"12":2,"13":1,"14":1,"15":1},"b":{"0":[1,0,0,0,0,0,0,0]},"_coverageSchema":"1a1c01bbd47fc00a2c39e90264f33305004495a9","hash":"301eb38993b371d92b4ab45edbbc413c9f4ea481"}
}
