TN:
SF:src/components/utils/pickersCoordinates.js
FN:1,cartesianToPolar
FN:8,(anonymous_1)
FN:14,(anonymous_2)
FN:18,(anonymous_3)
FN:25,(anonymous_4)
FN:31,(anonymous_5)
FN:37,(anonymous_6)
FN:44,(anonymous_7)
FN:50,(anonymous_8)
FN:57,(anonymous_9)
FN:68,(anonymous_10)
FN:75,(anonymous_11)
FN:83,(anonymous_12)
FN:100,(anonymous_13)
FN:146,hexToRgb
FN:154,hexWithSaturation
FNF:16
FNH:16
FNDA:37,cartesianToPolar
FNDA:18,(anonymous_1)
FNDA:2,(anonymous_2)
FNDA:1,(anonymous_3)
FNDA:1,(anonymous_4)
FNDA:1,(anonymous_5)
FNDA:1,(anonymous_6)
FNDA:1,(anonymous_7)
FNDA:1,(anonymous_8)
FNDA:1,(anonymous_9)
FNDA:5,(anonymous_10)
FNDA:3,(anonymous_11)
FNDA:2,(anonymous_12)
FNDA:1,(anonymous_13)
FNDA:1,hexToRgb
FNDA:1,hexWithSaturation
DA:3,37
DA:4,37
DA:5,37
DA:8,2
DA:9,18
DA:10,18
DA:11,18
DA:14,2
DA:15,2
DA:18,2
DA:19,1
DA:25,2
DA:26,1
DA:31,2
DA:32,1
DA:37,2
DA:38,1
DA:44,2
DA:45,1
DA:50,2
DA:51,1
DA:57,2
DA:58,1
DA:59,1
DA:60,1
DA:61,1
DA:62,1
DA:63,1
DA:64,1
DA:68,2
DA:69,5
DA:70,5
DA:71,5
DA:72,5
DA:75,2
DA:76,3
DA:77,3
DA:78,3
DA:79,3
DA:80,3
DA:83,2
DA:84,2
DA:85,2
DA:86,2
DA:87,2
DA:88,2
DA:89,2
DA:97,2
DA:100,2
DA:102,1
DA:103,1
DA:104,1
DA:105,1
DA:107,1
DA:109,1
DA:110,1
DA:113,0
DA:114,0
DA:117,0
DA:118,0
DA:121,0
DA:122,0
DA:125,0
DA:126,0
DA:129,0
DA:130,0
DA:133,0
DA:134,0
DA:137,0
DA:138,0
DA:142,1
DA:143,1
DA:147,1
DA:148,1
DA:149,1
DA:150,1
DA:151,1
DA:155,1
DA:158,2
LF:79
LH:65
BRDA:107,0,0,1
BRDA:107,0,1,0
BRDA:107,0,2,0
BRDA:107,0,3,0
BRDA:107,0,4,0
BRDA:107,0,5,0
BRDA:107,0,6,0
BRDA:107,0,7,0
BRF:8
BRH:1
end_of_record
